2017-05-14 00:01:27,735 [Worker-3] INFO  o.e.m.c.i.l.LifecycleMappingFactory - Using NULL lifecycle mapping for MavenProject: space.mrx:basic:0.0.1-SNAPSHOT @ /Users/chen/Documents/workspaces/mrx/basic/pom.xml.
2017-05-14 00:03:32,359 [Worker-10] INFO  o.e.m.c.i.l.LifecycleMappingFactory - Using org.eclipse.m2e.jdt.JarLifecycleMapping lifecycle mapping for MavenProject: space.mrx.basic.service:space.mrx.basic.service:0.0.1-SNAPSHOT @ /Users/chen/Documents/workspaces/mrx/basic/space.mrx.basic.service/pom.xml.
2017-05-14 00:03:33,302 [Worker-10] INFO  o.e.m.j.i.AbstractJavaProjectConfigurator - Adding source folder /space.mrx.basic.service/src/main/java
2017-05-14 00:03:33,304 [Worker-10] INFO  o.e.m.j.i.AbstractJavaProjectConfigurator - Adding resource folder /space.mrx.basic.service/src/main/resources
2017-05-14 00:03:33,305 [Worker-10] INFO  o.e.m.j.i.AbstractJavaProjectConfigurator - Adding source folder /space.mrx.basic.service/src/test/java
2017-05-14 00:03:33,305 [Worker-10] INFO  o.e.m.j.i.AbstractJavaProjectConfigurator - Adding resource folder /space.mrx.basic.service/src/test/resources
2017-05-14 00:03:39,545 [Worker-5] INFO  o.e.m.c.i.l.LifecycleMappingFactory - Using NULL lifecycle mapping for MavenProject: space.mrx:basic:0.0.1-SNAPSHOT @ /Users/chen/Documents/workspaces/mrx/basic/pom.xml.
2017-05-14 00:03:40,333 [Worker-5] INFO  o.e.m.c.i.l.LifecycleMappingFactory - Using org.eclipse.m2e.jdt.JarLifecycleMapping lifecycle mapping for MavenProject: space.mrx.basic.service:space.mrx.basic.service:0.0.1-SNAPSHOT @ /Users/chen/Documents/workspaces/mrx/basic/space.mrx.basic.service/pom.xml.
2017-05-14 00:03:41,291 [Worker-12] WARN  o.e.m.c.i.embedder.EclipseLogger - Using platform encoding (UTF-8 actually) to copy filtered resources, i.e. build is platform dependent!
2017-05-14 00:03:41,306 [Worker-12] INFO  o.e.m.c.i.embedder.EclipseLogger - Copying 0 resource
2017-05-14 00:03:41,309 [Worker-12] WARN  o.e.m.c.i.embedder.EclipseLogger - Using platform encoding (UTF-8 actually) to copy filtered resources, i.e. build is platform dependent!
2017-05-14 00:03:41,310 [Worker-12] INFO  o.e.m.c.i.embedder.EclipseLogger - Copying 0 resource
2017-05-14 00:06:26,035 [Worker-8] INFO  o.e.m.c.i.l.LifecycleMappingFactory - Using NULL lifecycle mapping for MavenProject: space.mrx:basic:0.0.1-SNAPSHOT @ /Users/chen/Documents/workspaces/mrx/basic/pom.xml.
2017-05-14 00:08:56,420 [Worker-8] INFO  o.e.m.c.i.e.AbstractTransferListenerAdapter - Downloaded https://repo.maven.apache.org/maven2/space/mrx/basic/1.0/basic-1.0.pom
2017-05-14 00:09:05,165 [Worker-19] ERROR o.e.m.c.i.p.r.ProjectRegistryManager - Failed to read Maven project: 1 problem was encountered while building the effective model for space.mrx:space.mrx.basic:0.0.1-SNAPSHOT
[FATAL] Non-resolvable parent POM for space.mrx:space.mrx.basic:0.0.1-SNAPSHOT: Failure to find space.mrx:basic:pom:1.0 in https://repo.maven.apache.org/maven2 was cached in the local repository, resolution will not be reattempted until the update interval of central has elapsed or updates are forced and 'parent.relativePath' points at wrong local POM @ line 3, column 11
 for project space.mrx:space.mrx.basic:0.0.1-SNAPSHOT at /Users/chen/Documents/workspaces/mrx/space.mrx.basic/pom.xml
org.apache.maven.project.ProjectBuildingException: 1 problem was encountered while building the effective model for space.mrx:space.mrx.basic:0.0.1-SNAPSHOT
[FATAL] Non-resolvable parent POM for space.mrx:space.mrx.basic:0.0.1-SNAPSHOT: Failure to find space.mrx:basic:pom:1.0 in https://repo.maven.apache.org/maven2 was cached in the local repository, resolution will not be reattempted until the update interval of central has elapsed or updates are forced and 'parent.relativePath' points at wrong local POM @ line 3, column 11
 for project space.mrx:space.mrx.basic:0.0.1-SNAPSHOT at /Users/chen/Documents/workspaces/mrx/space.mrx.basic/pom.xml
	at org.apache.maven.project.DefaultProjectBuilder.build(DefaultProjectBuilder.java:168) ~[maven-core-3.3.3.jar:3.3.3]
	at org.apache.maven.project.DefaultProjectBuilder.build(DefaultProjectBuilder.java:119) ~[maven-core-3.3.3.jar:3.3.3]
	at org.eclipse.m2e.core.internal.embedder.MavenImpl.readMavenProject(MavenImpl.java:636) ~[org.eclipse.m2e.core_1.6.2.20150902-0002.jar:na]
	at org.eclipse.m2e.core.internal.project.registry.ProjectRegistryManager$5.call(ProjectRegistryManager.java:815) ~[org.eclipse.m2e.core_1.6.2.20150902-0002.jar:na]
	at org.eclipse.m2e.core.internal.project.registry.ProjectRegistryManager$5.call(ProjectRegistryManager.java:1) ~[org.eclipse.m2e.core_1.6.2.20150902-0002.jar:na]
	at org.eclipse.m2e.core.internal.embedder.MavenExecutionContext.executeBare(MavenExecutionContext.java:176) ~[org.eclipse.m2e.core_1.6.2.20150902-0002.jar:na]
	at org.eclipse.m2e.core.internal.embedder.MavenExecutionContext.execute(MavenExecutionContext.java:151) ~[org.eclipse.m2e.core_1.6.2.20150902-0002.jar:na]
	at org.eclipse.m2e.core.internal.embedder.MavenExecutionContext.execute(MavenExecutionContext.java:99) ~[org.eclipse.m2e.core_1.6.2.20150902-0002.jar:na]
	at org.eclipse.m2e.core.internal.project.registry.ProjectRegistryManager.execute(ProjectRegistryManager.java:956) ~[org.eclipse.m2e.core_1.6.2.20150902-0002.jar:na]
	at org.eclipse.m2e.core.internal.project.registry.ProjectRegistryManager.readProjectWithDependencies(ProjectRegistryManager.java:811) ~[org.eclipse.m2e.core_1.6.2.20150902-0002.jar:na]
	at org.eclipse.m2e.core.internal.project.registry.ProjectRegistryManager.create(ProjectRegistryManager.java:191) ~[org.eclipse.m2e.core_1.6.2.20150902-0002.jar:na]
	at org.eclipse.m2e.core.internal.project.registry.MavenProjectManager.create(MavenProjectManager.java:80) [org.eclipse.m2e.core_1.6.2.20150902-0002.jar:na]
	at org.eclipse.m2e.core.ui.internal.actions.SelectionUtil.getMavenProject(SelectionUtil.java:259) [org.eclipse.m2e.core.ui_1.6.2.20150902-0002.jar:na]
	at org.eclipse.m2e.editor.pom.MavenPomEditor.readMavenProject(MavenPomEditor.java:729) [org.eclipse.m2e.editor_1.6.2.20150902-0002.jar:na]
	at org.eclipse.m2e.editor.pom.MavenPomEditor$5.run(MavenPomEditor.java:1050) [org.eclipse.m2e.editor_1.6.2.20150902-0002.jar:na]
	at org.eclipse.core.internal.jobs.Worker.run(Worker.java:55) [org.eclipse.core.jobs_3.7.0.v20150330-2103.jar:na]
Caused by: org.apache.maven.model.building.ModelBuildingException: 1 problem was encountered while building the effective model for space.mrx:space.mrx.basic:0.0.1-SNAPSHOT
[FATAL] Non-resolvable parent POM for space.mrx:space.mrx.basic:0.0.1-SNAPSHOT: Failure to find space.mrx:basic:pom:1.0 in https://repo.maven.apache.org/maven2 was cached in the local repository, resolution will not be reattempted until the update interval of central has elapsed or updates are forced and 'parent.relativePath' points at wrong local POM @ line 3, column 11

	at org.apache.maven.model.building.DefaultModelProblemCollector.newModelBuildingException(DefaultModelProblemCollector.java:197) ~[maven-model-builder-3.3.3.jar:3.3.3]
	at org.apache.maven.model.building.DefaultModelBuilder.readParentExternally(DefaultModelBuilder.java:1007) ~[maven-model-builder-3.3.3.jar:3.3.3]
	at org.apache.maven.model.building.DefaultModelBuilder.readParent(DefaultModelBuilder.java:796) ~[maven-model-builder-3.3.3.jar:3.3.3]
	at org.apache.maven.model.building.DefaultModelBuilder.build(DefaultModelBuilder.java:325) ~[maven-model-builder-3.3.3.jar:3.3.3]
	at org.apache.maven.project.DefaultProjectBuilder.build(DefaultProjectBuilder.java:161) ~[maven-core-3.3.3.jar:3.3.3]
	... 15 common frames omitted
2017-05-14 00:11:25,186 [Worker-11] INFO  o.e.m.c.i.l.LifecycleMappingFactory - Using org.eclipse.m2e.jdt.JarLifecycleMapping lifecycle mapping for MavenProject: space.mrx:space.mrx.basic:0.0.1-SNAPSHOT @ /Users/chen/Documents/workspaces/mrx/space.mrx.basic/pom.xml.
2017-05-14 00:11:25,715 [Worker-11] INFO  o.e.m.j.i.AbstractJavaProjectConfigurator - Adding source folder /space.mrx.basic/src/main/java
2017-05-14 00:11:25,715 [Worker-11] INFO  o.e.m.j.i.AbstractJavaProjectConfigurator - Adding resource folder /space.mrx.basic/src/main/resources
2017-05-14 00:11:25,716 [Worker-11] INFO  o.e.m.j.i.AbstractJavaProjectConfigurator - Adding source folder /space.mrx.basic/src/test/java
2017-05-14 00:11:25,716 [Worker-11] INFO  o.e.m.j.i.AbstractJavaProjectConfigurator - Adding resource folder /space.mrx.basic/src/test/resources
2017-05-14 00:11:26,083 [Worker-22] WARN  o.e.m.c.i.embedder.EclipseLogger - Using platform encoding (UTF-8 actually) to copy filtered resources, i.e. build is platform dependent!
2017-05-14 00:11:26,086 [Worker-22] INFO  o.e.m.c.i.embedder.EclipseLogger - Copying 0 resource
2017-05-14 00:11:26,089 [Worker-22] WARN  o.e.m.c.i.embedder.EclipseLogger - Using platform encoding (UTF-8 actually) to copy filtered resources, i.e. build is platform dependent!
2017-05-14 00:11:26,090 [Worker-22] INFO  o.e.m.c.i.embedder.EclipseLogger - Copying 0 resource
2017-05-14 00:13:18,366 [Worker-20] INFO  o.e.m.c.i.l.LifecycleMappingFactory - Using NULL lifecycle mapping for MavenProject: space.mrx:space.mrx.basic:0.0.1-SNAPSHOT @ /Users/chen/Documents/workspaces/mrx/space.mrx.basic/pom.xml.
2017-05-14 00:13:40,226 [Worker-19] INFO  o.e.m.c.i.l.LifecycleMappingFactory - Using org.eclipse.m2e.jdt.JarLifecycleMapping lifecycle mapping for MavenProject: space.mrx:space.mrx.basic.service:0.0.1-SNAPSHOT @ /Users/chen/Documents/workspaces/mrx/space.mrx.basic/space.mrx.basic.service/pom.xml.
2017-05-14 00:13:40,774 [Worker-19] INFO  o.e.m.j.i.AbstractJavaProjectConfigurator - Adding source folder /space.mrx.basic.service/src/main/java
2017-05-14 00:13:40,774 [Worker-19] INFO  o.e.m.j.i.AbstractJavaProjectConfigurator - Adding resource folder /space.mrx.basic.service/src/main/resources
2017-05-14 00:13:40,775 [Worker-19] INFO  o.e.m.j.i.AbstractJavaProjectConfigurator - Adding source folder /space.mrx.basic.service/src/test/java
2017-05-14 00:13:40,775 [Worker-19] INFO  o.e.m.j.i.AbstractJavaProjectConfigurator - Adding resource folder /space.mrx.basic.service/src/test/resources
2017-05-14 00:13:41,100 [Worker-11] INFO  o.e.m.c.i.l.LifecycleMappingFactory - Using NULL lifecycle mapping for MavenProject: space.mrx:space.mrx.basic:0.0.1-SNAPSHOT @ /Users/chen/Documents/workspaces/mrx/space.mrx.basic/pom.xml.
2017-05-14 00:13:41,591 [Worker-11] INFO  o.e.m.c.i.l.LifecycleMappingFactory - Using org.eclipse.m2e.jdt.JarLifecycleMapping lifecycle mapping for MavenProject: space.mrx:space.mrx.basic.service:0.0.1-SNAPSHOT @ /Users/chen/Documents/workspaces/mrx/space.mrx.basic/space.mrx.basic.service/pom.xml.
2017-05-14 00:13:42,065 [Worker-11] WARN  o.e.m.c.i.embedder.EclipseLogger - Using platform encoding (UTF-8 actually) to copy filtered resources, i.e. build is platform dependent!
2017-05-14 00:13:42,070 [Worker-11] INFO  o.e.m.c.i.embedder.EclipseLogger - Copying 0 resource
2017-05-14 00:13:42,073 [Worker-11] WARN  o.e.m.c.i.embedder.EclipseLogger - Using platform encoding (UTF-8 actually) to copy filtered resources, i.e. build is platform dependent!
2017-05-14 00:13:42,074 [Worker-11] INFO  o.e.m.c.i.embedder.EclipseLogger - Copying 0 resource
2017-05-14 00:14:00,627 [Worker-21] INFO  o.e.m.c.i.l.LifecycleMappingFactory - Using org.eclipse.m2e.jdt.JarLifecycleMapping lifecycle mapping for MavenProject: space.mrx:space.mrx.basic.manager:0.0.1-SNAPSHOT @ /Users/chen/Documents/workspaces/mrx/space.mrx.basic/space.mrx.basic.manager/pom.xml.
2017-05-14 00:14:00,681 [Worker-21] INFO  o.e.m.j.i.AbstractJavaProjectConfigurator - Adding source folder /space.mrx.basic.manager/src/main/java
2017-05-14 00:14:00,681 [Worker-21] INFO  o.e.m.j.i.AbstractJavaProjectConfigurator - Adding resource folder /space.mrx.basic.manager/src/main/resources
2017-05-14 00:14:00,682 [Worker-21] INFO  o.e.m.j.i.AbstractJavaProjectConfigurator - Adding source folder /space.mrx.basic.manager/src/test/java
2017-05-14 00:14:00,682 [Worker-21] INFO  o.e.m.j.i.AbstractJavaProjectConfigurator - Adding resource folder /space.mrx.basic.manager/src/test/resources
2017-05-14 00:14:01,014 [Worker-19] INFO  o.e.m.c.i.l.LifecycleMappingFactory - Using NULL lifecycle mapping for MavenProject: space.mrx:space.mrx.basic:0.0.1-SNAPSHOT @ /Users/chen/Documents/workspaces/mrx/space.mrx.basic/pom.xml.
2017-05-14 00:14:01,462 [Worker-19] INFO  o.e.m.c.i.l.LifecycleMappingFactory - Using org.eclipse.m2e.jdt.JarLifecycleMapping lifecycle mapping for MavenProject: space.mrx:space.mrx.basic.service:0.0.1-SNAPSHOT @ /Users/chen/Documents/workspaces/mrx/space.mrx.basic/space.mrx.basic.service/pom.xml.
2017-05-14 00:14:01,526 [Worker-19] INFO  o.e.m.c.i.l.LifecycleMappingFactory - Using org.eclipse.m2e.jdt.JarLifecycleMapping lifecycle mapping for MavenProject: space.mrx:space.mrx.basic.manager:0.0.1-SNAPSHOT @ /Users/chen/Documents/workspaces/mrx/space.mrx.basic/space.mrx.basic.manager/pom.xml.
2017-05-14 00:14:01,980 [Worker-19] WARN  o.e.m.c.i.embedder.EclipseLogger - Using platform encoding (UTF-8 actually) to copy filtered resources, i.e. build is platform dependent!
2017-05-14 00:14:02,001 [Worker-19] INFO  o.e.m.c.i.embedder.EclipseLogger - Copying 0 resource
2017-05-14 00:14:02,003 [Worker-19] WARN  o.e.m.c.i.embedder.EclipseLogger - Using platform encoding (UTF-8 actually) to copy filtered resources, i.e. build is platform dependent!
2017-05-14 00:14:02,007 [Worker-19] INFO  o.e.m.c.i.embedder.EclipseLogger - Copying 0 resource
2017-05-14 00:14:02,669 [Worker-19] WARN  o.e.m.c.i.embedder.EclipseLogger - Using platform encoding (UTF-8 actually) to copy filtered resources, i.e. build is platform dependent!
2017-05-14 00:14:02,676 [Worker-19] INFO  o.e.m.c.i.embedder.EclipseLogger - Copying 0 resource
2017-05-14 00:14:02,678 [Worker-19] WARN  o.e.m.c.i.embedder.EclipseLogger - Using platform encoding (UTF-8 actually) to copy filtered resources, i.e. build is platform dependent!
2017-05-14 00:14:02,679 [Worker-19] INFO  o.e.m.c.i.embedder.EclipseLogger - Copying 0 resource
2017-05-14 00:14:03,712 [Worker-19] WARN  o.e.m.c.i.embedder.EclipseLogger - Using platform encoding (UTF-8 actually) to copy filtered resources, i.e. build is platform dependent!
2017-05-14 00:14:03,712 [Worker-19] INFO  o.e.m.c.i.embedder.EclipseLogger - Copying 0 resource
2017-05-14 00:14:03,713 [Worker-19] WARN  o.e.m.c.i.embedder.EclipseLogger - Using platform encoding (UTF-8 actually) to copy filtered resources, i.e. build is platform dependent!
2017-05-14 00:14:03,716 [Worker-19] INFO  o.e.m.c.i.embedder.EclipseLogger - Copying 0 resource
2017-05-14 00:14:19,354 [Worker-21] INFO  o.e.m.c.i.l.LifecycleMappingFactory - Using org.eclipse.m2e.jdt.JarLifecycleMapping lifecycle mapping for MavenProject: space.mrx:space.mrx.basic.dao:0.0.1-SNAPSHOT @ /Users/chen/Documents/workspaces/mrx/space.mrx.basic/space.mrx.basic.dao/pom.xml.
2017-05-14 00:14:19,387 [Worker-21] INFO  o.e.m.j.i.AbstractJavaProjectConfigurator - Adding source folder /space.mrx.basic.dao/src/main/java
2017-05-14 00:14:19,387 [Worker-21] INFO  o.e.m.j.i.AbstractJavaProjectConfigurator - Adding resource folder /space.mrx.basic.dao/src/main/resources
2017-05-14 00:14:19,387 [Worker-21] INFO  o.e.m.j.i.AbstractJavaProjectConfigurator - Adding source folder /space.mrx.basic.dao/src/test/java
2017-05-14 00:14:19,387 [Worker-21] INFO  o.e.m.j.i.AbstractJavaProjectConfigurator - Adding resource folder /space.mrx.basic.dao/src/test/resources
2017-05-14 00:14:19,740 [Worker-20] INFO  o.e.m.c.i.l.LifecycleMappingFactory - Using NULL lifecycle mapping for MavenProject: space.mrx:space.mrx.basic:0.0.1-SNAPSHOT @ /Users/chen/Documents/workspaces/mrx/space.mrx.basic/pom.xml.
2017-05-14 00:14:20,043 [Worker-20] INFO  o.e.m.c.i.l.LifecycleMappingFactory - Using org.eclipse.m2e.jdt.JarLifecycleMapping lifecycle mapping for MavenProject: space.mrx:space.mrx.basic.manager:0.0.1-SNAPSHOT @ /Users/chen/Documents/workspaces/mrx/space.mrx.basic/space.mrx.basic.manager/pom.xml.
2017-05-14 00:14:20,071 [Worker-20] INFO  o.e.m.c.i.l.LifecycleMappingFactory - Using org.eclipse.m2e.jdt.JarLifecycleMapping lifecycle mapping for MavenProject: space.mrx:space.mrx.basic.service:0.0.1-SNAPSHOT @ /Users/chen/Documents/workspaces/mrx/space.mrx.basic/space.mrx.basic.service/pom.xml.
2017-05-14 00:14:20,134 [Worker-20] INFO  o.e.m.c.i.l.LifecycleMappingFactory - Using org.eclipse.m2e.jdt.JarLifecycleMapping lifecycle mapping for MavenProject: space.mrx:space.mrx.basic.dao:0.0.1-SNAPSHOT @ /Users/chen/Documents/workspaces/mrx/space.mrx.basic/space.mrx.basic.dao/pom.xml.
2017-05-14 00:14:20,581 [Worker-20] WARN  o.e.m.c.i.embedder.EclipseLogger - Using platform encoding (UTF-8 actually) to copy filtered resources, i.e. build is platform dependent!
2017-05-14 00:14:20,583 [Worker-20] INFO  o.e.m.c.i.embedder.EclipseLogger - Copying 0 resource
2017-05-14 00:14:20,587 [Worker-20] WARN  o.e.m.c.i.embedder.EclipseLogger - Using platform encoding (UTF-8 actually) to copy filtered resources, i.e. build is platform dependent!
2017-05-14 00:14:20,588 [Worker-20] INFO  o.e.m.c.i.embedder.EclipseLogger - Copying 0 resource
2017-05-14 00:14:20,903 [Worker-20] WARN  o.e.m.c.i.embedder.EclipseLogger - Using platform encoding (UTF-8 actually) to copy filtered resources, i.e. build is platform dependent!
2017-05-14 00:14:20,905 [Worker-20] INFO  o.e.m.c.i.embedder.EclipseLogger - Copying 0 resource
2017-05-14 00:14:20,907 [Worker-20] WARN  o.e.m.c.i.embedder.EclipseLogger - Using platform encoding (UTF-8 actually) to copy filtered resources, i.e. build is platform dependent!
2017-05-14 00:14:20,907 [Worker-20] INFO  o.e.m.c.i.embedder.EclipseLogger - Copying 0 resource
2017-05-14 00:14:20,922 [Worker-20] WARN  o.e.m.c.i.embedder.EclipseLogger - Using platform encoding (UTF-8 actually) to copy filtered resources, i.e. build is platform dependent!
2017-05-14 00:14:20,922 [Worker-20] INFO  o.e.m.c.i.embedder.EclipseLogger - Copying 0 resource
2017-05-14 00:14:20,923 [Worker-20] WARN  o.e.m.c.i.embedder.EclipseLogger - Using platform encoding (UTF-8 actually) to copy filtered resources, i.e. build is platform dependent!
2017-05-14 00:14:20,924 [Worker-20] INFO  o.e.m.c.i.embedder.EclipseLogger - Copying 0 resource
2017-05-14 00:14:57,340 [Worker-20] INFO  o.e.m.c.i.l.LifecycleMappingFactory - Using NULL lifecycle mapping for MavenProject: space.mrx:space.mrx.basic.web:0.0.1-SNAPSHOT @ /Users/chen/Documents/workspaces/mrx/space.mrx.basic/space.mrx.basic.web/pom.xml.
2017-05-14 00:14:57,634 [Worker-11] INFO  o.e.m.c.i.l.LifecycleMappingFactory - Using NULL lifecycle mapping for MavenProject: space.mrx:space.mrx.basic:0.0.1-SNAPSHOT @ /Users/chen/Documents/workspaces/mrx/space.mrx.basic/pom.xml.
2017-05-14 00:14:57,921 [Worker-11] INFO  o.e.m.c.i.l.LifecycleMappingFactory - Using org.eclipse.m2e.jdt.JarLifecycleMapping lifecycle mapping for MavenProject: space.mrx:space.mrx.basic.manager:0.0.1-SNAPSHOT @ /Users/chen/Documents/workspaces/mrx/space.mrx.basic/space.mrx.basic.manager/pom.xml.
2017-05-14 00:14:57,954 [Worker-11] INFO  o.e.m.c.i.l.LifecycleMappingFactory - Using org.eclipse.m2e.jdt.JarLifecycleMapping lifecycle mapping for MavenProject: space.mrx:space.mrx.basic.service:0.0.1-SNAPSHOT @ /Users/chen/Documents/workspaces/mrx/space.mrx.basic/space.mrx.basic.service/pom.xml.
2017-05-14 00:14:57,980 [Worker-11] INFO  o.e.m.c.i.l.LifecycleMappingFactory - Using org.eclipse.m2e.jdt.JarLifecycleMapping lifecycle mapping for MavenProject: space.mrx:space.mrx.basic.dao:0.0.1-SNAPSHOT @ /Users/chen/Documents/workspaces/mrx/space.mrx.basic/space.mrx.basic.dao/pom.xml.
2017-05-14 00:14:57,985 [Worker-11] INFO  o.e.m.c.i.l.LifecycleMappingFactory - Using NULL lifecycle mapping for MavenProject: space.mrx:space.mrx.basic.web:0.0.1-SNAPSHOT @ /Users/chen/Documents/workspaces/mrx/space.mrx.basic/space.mrx.basic.web/pom.xml.
2017-05-14 00:14:58,237 [Worker-11] WARN  o.e.m.c.i.embedder.EclipseLogger - Using platform encoding (UTF-8 actually) to copy filtered resources, i.e. build is platform dependent!
2017-05-14 00:14:58,240 [Worker-11] INFO  o.e.m.c.i.embedder.EclipseLogger - Copying 0 resource
2017-05-14 00:14:58,242 [Worker-11] WARN  o.e.m.c.i.embedder.EclipseLogger - Using platform encoding (UTF-8 actually) to copy filtered resources, i.e. build is platform dependent!
2017-05-14 00:14:58,243 [Worker-11] INFO  o.e.m.c.i.embedder.EclipseLogger - Copying 0 resource
2017-05-14 00:14:58,255 [Worker-11] WARN  o.e.m.c.i.embedder.EclipseLogger - Using platform encoding (UTF-8 actually) to copy filtered resources, i.e. build is platform dependent!
2017-05-14 00:14:58,256 [Worker-11] INFO  o.e.m.c.i.embedder.EclipseLogger - Copying 0 resource
2017-05-14 00:14:58,257 [Worker-11] WARN  o.e.m.c.i.embedder.EclipseLogger - Using platform encoding (UTF-8 actually) to copy filtered resources, i.e. build is platform dependent!
2017-05-14 00:14:58,257 [Worker-11] INFO  o.e.m.c.i.embedder.EclipseLogger - Copying 0 resource
2017-05-14 00:14:58,270 [Worker-11] WARN  o.e.m.c.i.embedder.EclipseLogger - Using platform encoding (UTF-8 actually) to copy filtered resources, i.e. build is platform dependent!
2017-05-14 00:14:58,270 [Worker-11] INFO  o.e.m.c.i.embedder.EclipseLogger - Copying 0 resource
2017-05-14 00:14:58,272 [Worker-11] WARN  o.e.m.c.i.embedder.EclipseLogger - Using platform encoding (UTF-8 actually) to copy filtered resources, i.e. build is platform dependent!
2017-05-14 00:14:58,272 [Worker-11] INFO  o.e.m.c.i.embedder.EclipseLogger - Copying 0 resource
2017-05-14 00:16:13,429 [Worker-19] INFO  o.e.m.c.i.l.LifecycleMappingFactory - Using org.eclipse.m2e.jdt.JarLifecycleMapping lifecycle mapping for MavenProject: space.mrx:space.mrx.basic.api:0.0.1-SNAPSHOT @ /Users/chen/Documents/workspaces/mrx/space.mrx.basic/space.mrx.basic.api/pom.xml.
2017-05-14 00:16:13,764 [Worker-19] INFO  o.e.m.j.i.AbstractJavaProjectConfigurator - Adding source folder /space.mrx.basic.api/src/main/java
2017-05-14 00:16:13,764 [Worker-19] INFO  o.e.m.j.i.AbstractJavaProjectConfigurator - Adding resource folder /space.mrx.basic.api/src/main/resources
2017-05-14 00:16:13,765 [Worker-19] INFO  o.e.m.j.i.AbstractJavaProjectConfigurator - Adding source folder /space.mrx.basic.api/src/test/java
2017-05-14 00:16:13,765 [Worker-19] INFO  o.e.m.j.i.AbstractJavaProjectConfigurator - Adding resource folder /space.mrx.basic.api/src/test/resources
2017-05-14 00:16:14,112 [Worker-19] INFO  o.e.m.c.i.l.LifecycleMappingFactory - Using NULL lifecycle mapping for MavenProject: space.mrx:space.mrx.basic:0.0.1-SNAPSHOT @ /Users/chen/Documents/workspaces/mrx/space.mrx.basic/pom.xml.
2017-05-14 00:16:14,115 [Worker-19] INFO  o.e.m.c.i.l.LifecycleMappingFactory - Using NULL lifecycle mapping for MavenProject: space.mrx:space.mrx.basic.web:0.0.1-SNAPSHOT @ /Users/chen/Documents/workspaces/mrx/space.mrx.basic/space.mrx.basic.web/pom.xml.
2017-05-14 00:16:14,567 [Worker-19] INFO  o.e.m.c.i.l.LifecycleMappingFactory - Using org.eclipse.m2e.jdt.JarLifecycleMapping lifecycle mapping for MavenProject: space.mrx:space.mrx.basic.manager:0.0.1-SNAPSHOT @ /Users/chen/Documents/workspaces/mrx/space.mrx.basic/space.mrx.basic.manager/pom.xml.
2017-05-14 00:16:14,599 [Worker-19] INFO  o.e.m.c.i.l.LifecycleMappingFactory - Using org.eclipse.m2e.jdt.JarLifecycleMapping lifecycle mapping for MavenProject: space.mrx:space.mrx.basic.service:0.0.1-SNAPSHOT @ /Users/chen/Documents/workspaces/mrx/space.mrx.basic/space.mrx.basic.service/pom.xml.
2017-05-14 00:16:14,634 [Worker-19] INFO  o.e.m.c.i.l.LifecycleMappingFactory - Using org.eclipse.m2e.jdt.JarLifecycleMapping lifecycle mapping for MavenProject: space.mrx:space.mrx.basic.dao:0.0.1-SNAPSHOT @ /Users/chen/Documents/workspaces/mrx/space.mrx.basic/space.mrx.basic.dao/pom.xml.
2017-05-14 00:16:14,673 [Worker-19] INFO  o.e.m.c.i.l.LifecycleMappingFactory - Using org.eclipse.m2e.jdt.JarLifecycleMapping lifecycle mapping for MavenProject: space.mrx:space.mrx.basic.api:0.0.1-SNAPSHOT @ /Users/chen/Documents/workspaces/mrx/space.mrx.basic/space.mrx.basic.api/pom.xml.
2017-05-14 00:16:15,113 [Worker-19] WARN  o.e.m.c.i.embedder.EclipseLogger - Using platform encoding (UTF-8 actually) to copy filtered resources, i.e. build is platform dependent!
2017-05-14 00:16:15,116 [Worker-19] INFO  o.e.m.c.i.embedder.EclipseLogger - Copying 0 resource
2017-05-14 00:16:15,118 [Worker-19] WARN  o.e.m.c.i.embedder.EclipseLogger - Using platform encoding (UTF-8 actually) to copy filtered resources, i.e. build is platform dependent!
2017-05-14 00:16:15,119 [Worker-19] INFO  o.e.m.c.i.embedder.EclipseLogger - Copying 0 resource
2017-05-14 00:16:15,433 [Worker-19] WARN  o.e.m.c.i.embedder.EclipseLogger - Using platform encoding (UTF-8 actually) to copy filtered resources, i.e. build is platform dependent!
2017-05-14 00:16:15,436 [Worker-19] INFO  o.e.m.c.i.embedder.EclipseLogger - Copying 0 resource
2017-05-14 00:16:15,438 [Worker-19] WARN  o.e.m.c.i.embedder.EclipseLogger - Using platform encoding (UTF-8 actually) to copy filtered resources, i.e. build is platform dependent!
2017-05-14 00:16:15,438 [Worker-19] INFO  o.e.m.c.i.embedder.EclipseLogger - Copying 0 resource
2017-05-14 00:16:15,453 [Worker-19] WARN  o.e.m.c.i.embedder.EclipseLogger - Using platform encoding (UTF-8 actually) to copy filtered resources, i.e. build is platform dependent!
2017-05-14 00:16:15,454 [Worker-19] INFO  o.e.m.c.i.embedder.EclipseLogger - Copying 0 resource
2017-05-14 00:16:15,456 [Worker-19] WARN  o.e.m.c.i.embedder.EclipseLogger - Using platform encoding (UTF-8 actually) to copy filtered resources, i.e. build is platform dependent!
2017-05-14 00:16:15,457 [Worker-19] INFO  o.e.m.c.i.embedder.EclipseLogger - Copying 0 resource
2017-05-14 00:16:15,471 [Worker-19] WARN  o.e.m.c.i.embedder.EclipseLogger - Using platform encoding (UTF-8 actually) to copy filtered resources, i.e. build is platform dependent!
2017-05-14 00:16:15,472 [Worker-19] INFO  o.e.m.c.i.embedder.EclipseLogger - Copying 0 resource
2017-05-14 00:16:15,474 [Worker-19] WARN  o.e.m.c.i.embedder.EclipseLogger - Using platform encoding (UTF-8 actually) to copy filtered resources, i.e. build is platform dependent!
2017-05-14 00:16:15,475 [Worker-19] INFO  o.e.m.c.i.embedder.EclipseLogger - Copying 0 resource
